Newsgroups: perl.modules
Path: nntp.perl.org
Xref: nntp.perl.org perl.modules:60225
Return-Path: <stro@cpan.org>
Mailing-List: contact modules-help@perl.org; run by ezmlm
Delivered-To: mailing list modules@perl.org
Delivered-To: moderator for modules@perl.org
Received: (qmail 12278 invoked from network); 27 Apr 2008 14:31:06 -0000
Received: from x1a.develooper.com (HELO x1.develooper.com) (216.52.237.111)
  by x6.develooper.com with SMTP; 27 Apr 2008 14:31:06 -0000
Received: (qmail 19827 invoked by uid 225); 27 Apr 2008 14:31:05 -0000
Delivered-To: modules@perl.org
Delivered-To: NI-S@cpan.org
Received: (qmail 19814 invoked by alias); 27 Apr 2008 14:31:04 -0000
X-Spam-Status: No, hits=-6.6 required=8.0
	tests=BAYES_00,PERLBUG_CONF
X-Spam-Check-By: la.mx.develooper.com
Received: from la.mx.develooper.com (HELO x1.develooper.com) (63.251.223.176)
    by la.mx.develooper.com (qpsmtpd/0.28) with SMTP; Sun, 27 Apr 2008 07:30:53 -0700
Received: (qmail 19690 invoked from network); 27 Apr 2008 14:30:50 -0000
Received: from x16.dev (10.0.100.26)
  by x1.dev with QMQP; 27 Apr 2008 14:30:50 -0000
X-Spam-Level: *
Received: from zuko.priocom.com (HELO zuko.priocom.com) (213.156.80.22)
    by 16.mx.develooper.com (qpsmtpd/0.43rc1) with ESMTP; Sun, 27 Apr 2008 07:30:40 -0700
Received: from trouchelle.kiev.ua (honorariumly-platoon.volia.net [77.122.34.235])
	by zuko.priocom.com (Postfix) with ESMTP id E2B975E8A7
	for <NI-S@cpan.org>; Sun, 27 Apr 2008 17:30:24 +0300 (EEST)
Received: from MusicBox (unverified [192.168.14.88]) 
	by trouchelle.kiev.ua (SurgeMail 3.8k4) with ESMTP id 4168-2000100 
	for multiple; Sun, 27 Apr 2008 17:30:37 +0300
Date: Sun, 27 Apr 2008 17:15:49 +0300
Subject: FAIL Audio-1.029 armv5tejl-linux 2.6.17.14
To: cpan-testers@perl.org
Cc: NI-S@cpan.org
Message-ID: <1209305749.AE02E270.29580@MusicBox>
X-Reported-Via: Test::Reporter 1.38, via CPAN::Reporter 1.11
X-Virus-Checked: Checked
X-Old-Spam-Check-By: 16.mx.develooper.com
X-Old-Spam-Status: No, hits=-5.7 required=8.0
	tests=BAYES_00,PERLBUG_CONF,RCVD_IN_SORBS_DUL
Approved: news@nntp.perl.org
From: stro@cpan.org

This distribution has been tested as part of the cpan-testers
effort to test as many new uploads to CPAN as possible.  See
http://testers.cpan.org/

Please cc any replies to cpan-testers@perl.org to keep other
test volunteers informed and to prevent any duplicate effort.

--
Dear Nick Ing-Simmons (PAUSE Custodial Account),
    
This is a computer-generated report for Audio-1.029
on perl 5.8.8, created by CPAN-Reporter-1.11. 

Thank you for uploading your work to CPAN.  However, there was a problem
testing your distribution.

If you think this report is invalid, please consult the CPAN Testers Wiki
for suggestions on how to avoid getting FAIL reports for missing library
or binary dependencies, unsupported operating systems, and so on:

http://cpantest.grango.org/wiki/CPANAuthorNotes

Sections of this report:

    * Tester comments
    * Program output
    * Prerequisites
    * Environment and other context

------------------------------
TESTER COMMENTS
------------------------------

Additional comments from tester: 

none provided

------------------------------
PROGRAM OUTPUT
------------------------------

Output from '/usr/bin/make test':

make[1]: Entering directory `/home/stro0/perl588/.cpan/build/Audio-1.029-IucMZH/Data'
make[1]: Leaving directory `/home/stro0/perl588/.cpan/build/Audio-1.029-IucMZH/Data'
make[1]: Entering directory `/home/stro0/perl588/.cpan/build/Audio-1.029-IucMZH/Play'
/bin/sh -c true
/bin/sh -c true
make[2]: Entering directory `/home/stro0/perl588/.cpan/build/Audio-1.029-IucMZH/Play/Net'
make[2]: Nothing to be done for `all'.
make[2]: Leaving directory `/home/stro0/perl588/.cpan/build/Audio-1.029-IucMZH/Play/Net'
make[2]: Entering directory `/home/stro0/perl588/.cpan/build/Audio-1.029-IucMZH/Play/linux'
make[2]: Leaving directory `/home/stro0/perl588/.cpan/build/Audio-1.029-IucMZH/Play/linux'
make[1]: Leaving directory `/home/stro0/perl588/.cpan/build/Audio-1.029-IucMZH/Play'
make[1]: Entering directory `/home/stro0/perl588/.cpan/build/Audio-1.029-IucMZH/Data'
PERL_DL_NONLAZY=1 /home/stro0/perl588/bin/perl "-MExtUtils::Command::MM" "-e" "test_harness(0, '../blib/lib', '../blib/arch')" t/*.t
t/init..........ok
t/load..........ok
t/overload......ok
t/poly..........ok
All tests successful.
Files=4, Tests=44,  6 wallclock secs ( 0.76 usr  0.09 sys +  4.24 cusr  0.33 csys =  5.42 CPU)
Result: PASS
make[1]: Leaving directory `/home/stro0/perl588/.cpan/build/Audio-1.029-IucMZH/Data'
make[1]: Entering directory `/home/stro0/perl588/.cpan/build/Audio-1.029-IucMZH/Play'
/bin/sh -c true
/bin/sh -c true
make[2]: Entering directory `/home/stro0/perl588/.cpan/build/Audio-1.029-IucMZH/Play/Net'
make[2]: Nothing to be done for `all'.
make[2]: Leaving directory `/home/stro0/perl588/.cpan/build/Audio-1.029-IucMZH/Play/Net'
make[2]: Entering directory `/home/stro0/perl588/.cpan/build/Audio-1.029-IucMZH/Play/linux'
make[2]: Leaving directory `/home/stro0/perl588/.cpan/build/Audio-1.029-IucMZH/Play/linux'
PERL_DL_NONLAZY=1 /home/stro0/perl588/bin/perl "-MExtUtils::Command::MM" "-e" "test_harness(0, '../blib/lib', '../blib/arch')" t/*.t
t/tone....../dev/dspW: No such file or directory
Can't call method "rate" without a package or object reference at t/tone.t line 19.
 Dubious, test returned 2 (wstat 512, 0x200)
 Failed 4/6 subtests 

Test Summary Report
-------------------
t/tone.t (Wstat: 512 Tests: 4 Failed: 2)
  Failed tests:  2-3
  Non-zero exit status: 2
  Parse errors: Bad plan.  You planned 6 tests but ran 4.
Files=1, Tests=4,  1 wallclock secs ( 0.28 usr  0.04 sys +  0.52 cusr  0.03 csys =  0.87 CPU)
Result: FAIL
Failed 1/1 test programs. 2/4 subtests failed.
make[1]: *** [test_dynamic] Error 2
make[1]: Leaving directory `/home/stro0/perl588/.cpan/build/Audio-1.029-IucMZH/Play'
make: *** [subdirs-test] Error 2

------------------------------
PREREQUISITES
------------------------------

Prerequisite modules loaded:

    No requirements found

------------------------------
ENVIRONMENT AND OTHER CONTEXT
------------------------------

Environment variables:

    LD_LIBRARY_PATH = .:/opt/lib:/opt/usr/lib:/opt/usr/local/lib
    PATH = /bin:/sbin:/usr/bin:/usr/sbin:/usr/bin/X11:/usr/local/bin:/opt/bin
    PERL5LIB = 
    PERL5OPT = 
    PERL5_CPANPLUS_IS_RUNNING = 29580
    PERL5_CPAN_IS_RUNNING = 29580
    SHELL = /bin/sh
    TERM = xterm

Perl special variables (and OS-specific diagnostics, for MSWin32):

    $^X = /home/stro0/perl588/bin/perl
    $UID/$EUID = 1004 / 1004
    $GID = 1004 1004
    $EGID = 1004 1004

Perl module toolchain versions installed:

    Module              Have   
    ------------------- -------
                               
    CPAN                1.92_60
    Cwd                 3.2701 
    ExtUtils::CBuilder  0.22   
    ExtUtils::Command   1.13   
    ExtUtils::Install   1.49   
    ExtUtils::MakeMaker 6.44   
    ExtUtils::Manifest  1.51   
    ExtUtils::ParseXS   n/a    
    File::Spec          3.2701 
    Module::Build       0.2808 
    Module::Signature   n/a    
    Test::Harness       3.10   
    Test::More          0.80   
    YAML                0.66   
    YAML::Syck          1.04   
    version             0.74   


--

Summary of my perl5 (revision 5 version 8 subversion 8) configuration:
  Platform:
    osname=linux, osvers=2.6.17.14, archname=armv5tejl-linux
    uname='linux musicbox 2.6.17.14 #1 preempt mon mar 26 12:36:33 bst 2007 armv5tejl gnulinux '
    config_args=''
    hint=recommended, useposix=true, d_sigaction=define
    usethreads=undef use5005threads=undef useithreads=undef usemultiplicity=undef
    useperlio=define d_sfio=undef uselargefiles=define usesocks=undef
    use64bitint=undef use64bitall=undef uselongdouble=undef
    usemymalloc=n, bincompat5005=undef
  Compiler:
    cc='cc', ccflags ='-fno-strict-aliasing -pipe -Wdeclaration-after-statement -I/usr/local/include -D_LARGEFILE_SOURCE -D_FILE_OFFSET_BITS=64',
    optimize='-O2',
    cppflags='-fno-strict-aliasing -pipe -Wdeclaration-after-statement -I/usr/local/include'
    ccversion='', gccversion='3.4.2', gccosandvers=''
    intsize=4, longsize=4, ptrsize=4, doublesize=8, byteorder=1234
    d_longlong=define, longlongsize=8, d_longdbl=define, longdblsize=8
    ivtype='long', ivsize=4, nvtype='double', nvsize=8, Off_t='off_t', lseeksize=8
    alignbytes=4, prototype=define
  Linker and Libraries:
    ld='cc', ldflags =' -L/usr/local/lib'
    libpth=/usr/local/lib /lib /usr/lib
    libs=-lnsl -ldl -lm -lcrypt -lutil -lc
    perllibs=-lnsl -ldl -lm -lcrypt -lutil -lc
    libc=/lib/libc.so.0, so=so, useshrplib=false, libperl=libperl.a
    gnulibc_version=''
  Dynamic Linking:
    dlsrc=dl_dlopen.xs, dlext=so, d_dlsymun=undef, ccdlflags='-Wl,-E'
    cccdlflags='-fpic', lddlflags='-shared -L/usr/local/lib'
