Newsgroups: perl.modules
Path: nntp.perl.org
Xref: nntp.perl.org perl.modules:79931
Return-Path: <steve.bertrand@gmail.com>
Mailing-List: contact modules-help@perl.org; run by ezmlm
Delivered-To: mailing list modules@perl.org
Delivered-To: moderator for modules@perl.org
Received: (qmail 6882 invoked from network); 14 Mar 2012 04:52:57 -0000
Received: from x1.develooper.com (207.171.7.70)
  by x6.develooper.com with SMTP; 14 Mar 2012 04:52:57 -0000
Received: (qmail 11681 invoked by uid 225); 14 Mar 2012 04:52:57 -0000
Delivered-To: modules@perl.org
Delivered-To: modules@cpan.org
Received: (qmail 11677 invoked by uid 103); 14 Mar 2012 04:52:56 -0000
Received: from xx1.dev (10.0.100.115)
  by x1.dev with QMQP; 14 Mar 2012 04:52:56 -0000
Received: from localhost (HELO xx1.develooper.com) (127.0.0.1)
    by xx1.develooper.com (qpsmtpd/0.84/v0.84-36-g0b0e4e9) with ESMTP; Tue, 13 Mar 2012 21:52:56 -0700
Received: from xx1.develooper.com (xx1.develooper.com [127.0.0.1])
	by localhost (Postfix) with SMTP id BC54A120E21
	for <modules@cpan.org>; Tue, 13 Mar 2012 21:52:56 -0700 (PDT)
Received: from mail-gx0-f178.google.com (mail-gx0-f178.google.com [209.85.161.178])
	by xx1.develooper.com (Postfix) with ESMTP id 6299C1204B5
	for <modules@cpan.org>; Tue, 13 Mar 2012 21:52:56 -0700 (PDT)
Received: by ggno1 with SMTP id o1so1729249ggn.37
        for <modules@cpan.org>; Tue, 13 Mar 2012 21:52:56 -0700 (PDT)
DKIM-Signature: v=1; a=rsa-sha256; c=relaxed/relaxed;
        d=gmail.com; s=20120113;
        h=message-id:date:from:user-agent:mime-version:to:subject
         :content-type:content-transfer-encoding;
        bh=x9ahm/VTW0SOb8rABdTu2jn7muUwIGtn1tBwl/WfmgU=;
        b=wT8cu9hzrFrYheP8Ch7U6/Mv6xveOPek8fVAIr+lATMbANKOYH3FEK7LYe0GIjWwTH
         q8PPMN+2Y1QSoABNoI7bAu4uCdwvUwaLI7ybgXw0VzLZG7Qb4yQR0X4gGmPUQpvAOM2f
         JGrWgzsQNP3+C6u7KU64legPtaW0aOt1lrWfHGK8j7Gt6bJSDtEbS2jLcFM6AeI37rwT
         frLXBZWFJQBOBLBnZ1BqnDLg3Xc2dji6SjeJlM/2nP9FPZNKMyEytPPtwgAWuS5S8IAe
         rKRgNLhmpfuPWPwPX89RTT46Ff33EbLXDx+3q8nmXtX+dNzoWsk4MEynM/BZj8zEY5ON
         oDmw==
Received: by 10.60.3.99 with SMTP id b3mr1093285oeb.72.1331700776014;
        Tue, 13 Mar 2012 21:52:56 -0700 (PDT)
Received: from [192.168.1.2] (dyn-dsl-to-76-75-113-195.nexicom.net. [76.75.113.195])
        by mx.google.com with ESMTPS id s2sm3318370oea.2.2012.03.13.21.52.54
        (version=SSLv3 cipher=OTHER);
        Tue, 13 Mar 2012 21:52:55 -0700 (PDT)
Message-ID: <4F602424.1080107@gmail.com>
Date: Wed, 14 Mar 2012 00:52:52 -0400
User-Agent: Mozilla/5.0 (Windows NT 6.1; WOW64; rv:9.0) Gecko/20111222 Thunderbird/9.0.1
MIME-Version: 1.0
To: modules@cpan.org
Subject: Taking over CGI::Application::Plugin::PageBuilder
Content-Type: text/plain; charset=ISO-8859-1; format=flowed
Content-Transfer-Encoding: 7bit
X-PMX-Version: 5.6.1.2065439, Antispam-Engine: 2.7.2.376379, Antispam-Data: 2012.3.14.44516
X-PMX-Spam: Gauge=IIIIIIII, Probability=8%, Report='
 HTML_00_01 0.05, HTML_00_10 0.05, BODYTEXTP_SIZE_3000_LESS 0, BODY_SIZE_1700_1799 0, BODY_SIZE_2000_LESS 0, BODY_SIZE_5000_LESS 0, BODY_SIZE_7000_LESS 0, DATE_TZ_NA 0, NO_URI_FOUND 0, WEBMAIL_SOURCE 0, __CT 0, __CTE 0, __CT_TEXT_PLAIN 0, __FRAUD_WEBMAIL 0, __FRAUD_WEBMAIL_FROM 0, __FROM_GMAIL 0, __HAS_MSGID 0, __HELO_GMAIL 0, __MIME_TEXT_ONLY 0, __MIME_VERSION 0, __MOZILLA_MSGID 0, __PHISH_SPEAR_STRUCTURE_1 0, __RDNS_GMAIL 0, __SANE_MSGID 0, __TO_MALFORMED_2 0, __TO_NO_NAME 0, __USER_AGENT 0, __zen.spamhaus.org_ERROR '
Approved: news@nntp.perl.org
From: steve.bertrand@gmail.com (Steve Bertrand)

Although this seems to be an insignificant module, I, and at least one 
other still uses it. I have requested aid in either fixing or taking 
over this project three times in the last two years. This will be my 
last attempt as to not become a nuisance.

The owner/maintainer's email address bounces.

I've written a patch to fix a bug that has been prevalent since 5.10 
(see below) so that all tests pass on Ubuntu and FBSD with perl v5.12.4.

I use this module in only one of my apps, but would like to see it fixed 
just so that if others still use it, they can count on it maintained.

steve@ubuntu:~/devel/staging/cgi-app-plugin-pb/CGI-Application-Plugin-PageBuilder-0.97-fixed$ 
./Build test
t/01-load.t .......... ok
t/02-init.t .......... ok
t/03-pod.t ........... ok
t/04-pod-coverage.t .. ok
t/05-critic.t ........ ok
All tests successful.
Files=5, Tests=31,  2 wallclock secs ( 0.06 usr  0.01 sys +  1.51 cusr 
0.10 csys =  1.68 CPU)
Result: PASS

rt documented patch:

diff -urN 
CGI-Application-Plugin-PageBuilder-0.97/lib/CGI/Application/Plugin/PageBuilder.pm 
CGI-Application-Plugin-PageBuilder-0.97-fixed/lib/CGI/Application/Plugin/PageBuilder.pm
--- 
CGI-Application-Plugin-PageBuilder-0.97/lib/CGI/Application/Plugin/PageBuilder.pm 
2006-09-15 13:21:26.000000000 -0400
+++ 
CGI-Application-Plugin-PageBuilder-0.97-fixed/lib/CGI/Application/Plugin/PageBuilder.pm 
2012-03-13 23:57:29.308258233 -0400
@@ -116,7 +116,7 @@
  	my( $self, $param, $value ) = @_;

  	return unless $value;
- 
${$self->{__PB_TEMPLATE_LIST}}[$#{@{$self->{__PB__TEMPLATE_LIST}}}]->param( 
$param, $value );
+	${$self->{__PB_TEMPLATE_LIST}}[-1]->param( $param, $value );
  	return $self->pb_build();
  }
