Newsgroups: perl.modules
Path: nntp.perl.org
Xref: nntp.perl.org perl.modules:79956
Return-Path: <smueller@cpan.org>
Mailing-List: contact modules-help@perl.org; run by ezmlm
Delivered-To: mailing list modules@perl.org
Received: (qmail 19341 invoked from network); 17 Mar 2012 19:00:04 -0000
Received: from x1.develooper.com (207.171.7.70)
  by x6.develooper.com with SMTP; 17 Mar 2012 19:00:04 -0000
Received: (qmail 24704 invoked by uid 225); 17 Mar 2012 19:00:04 -0000
Delivered-To: modules@perl.org
Delivered-To: modules@cpan.org
Received: (qmail 24699 invoked by uid 103); 17 Mar 2012 19:00:03 -0000
Received: from xx1.dev (10.0.100.115)
  by x1.dev with QMQP; 17 Mar 2012 19:00:03 -0000
Received: from localhost (HELO xx1.develooper.com) (127.0.0.1)
    by xx1.develooper.com (qpsmtpd/0.84/v0.84-36-g0b0e4e9) with ESMTP; Sat, 17 Mar 2012 12:00:03 -0700
Received: from xx1.develooper.com (xx1.develooper.com [127.0.0.1])
	by localhost (Postfix) with SMTP id 72A231212BB
	for <modules@cpan.org>; Sat, 17 Mar 2012 12:00:03 -0700 (PDT)
Received: from msx4.booking.com (msx4.booking.com [91.195.237.19])
	by xx1.develooper.com (Postfix) with ESMTP id C9199122647
	for <modules@cpan.org>; Sat, 17 Mar 2012 12:00:02 -0700 (PDT)
Received: from ip5450132d.adsl-surfen.hetnet.nl ([84.80.19.45]:55309 helo=[192.168.2.6])
	by mrx-102.ams4.prod.booking.com with esmtpsa (TLSv1:AES256-SHA:256)
	(Exim 4.76)
	(envelope-from <smueller@cpan.org>)
	id 1S8yrB-0004WF-9q; Sat, 17 Mar 2012 20:00:01 +0100
Message-ID: <4F64DF30.2020603@cpan.org>
Date: Sat, 17 Mar 2012 20:00:00 +0100
User-Agent: Mozilla/5.0 (X11; Linux x86_64; rv:10.0.2) Gecko/20120216 Thunderbird/10.0.2
MIME-Version: 1.0
To: Steve Bertrand <steve.bertrand@gmail.com>
CC: modules@cpan.org, hydo@mac.com
Subject: Re: Taking over CGI::Application::Plugin::PageBuilder
References: <4F602424.1080107@gmail.com>
In-Reply-To: <4F602424.1080107@gmail.com>
Content-Type: text/plain; charset=ISO-8859-1; format=flowed
Content-Transfer-Encoding: 7bit
X-AH-Spam-Helo: [192.168.2.6]
X-AH-From: smueller@cpan.org
X-PMX-Version: 5.6.1.2065439, Antispam-Engine: 2.7.2.376379, Antispam-Data: 2012.3.17.184815
X-PMX-Spam: Gauge=IIIIIIII, Probability=8%, Report='
 MULTIPLE_RCPTS 0.1, HTML_00_01 0.05, HTML_00_10 0.05, BODYTEXTP_SIZE_3000_LESS 0, BODY_SIZE_2000_2999 0, BODY_SIZE_5000_LESS 0, BODY_SIZE_7000_LESS 0, __ANY_URI 0, __BOUNCE_CHALLENGE_SUBJ 0, __BOUNCE_NDR_SUBJ_EXEMPT 0, __CT 0, __CTE 0, __CT_TEXT_PLAIN 0, __HAS_MSGID 0, __MIME_TEXT_ONLY 0, __MIME_VERSION 0, __MOZILLA_MSGID 0, __MULTIPLE_RCPTS_CC_X2 0, __SANE_MSGID 0, __TO_MALFORMED_2 0, __URI_NO_PATH 0, __URI_NO_WWW 0, __URI_NS , __USER_AGENT 0, __zen.spamhaus.org_ERROR '
Approved: news@nntp.perl.org
From: smueller@cpan.org (Steffen Mueller)

Hi Steve, hi Clint,

Steve, I granted co-maintenance permissions for the module. Clint, if 
you object, please let us (modules@perl.org) know. It's a reversible action!

Best regards,
Steffen
(for the PAUSE admins)

On 03/14/2012 05:52 AM, Steve Bertrand wrote:
> Although this seems to be an insignificant module, I, and at least one
> other still uses it. I have requested aid in either fixing or taking
> over this project three times in the last two years. This will be my
> last attempt as to not become a nuisance.
>
> The owner/maintainer's email address bounces.
>
> I've written a patch to fix a bug that has been prevalent since 5.10
> (see below) so that all tests pass on Ubuntu and FBSD with perl v5.12.4.
>
> I use this module in only one of my apps, but would like to see it fixed
> just so that if others still use it, they can count on it maintained.
>
> steve@ubuntu:~/devel/staging/cgi-app-plugin-pb/CGI-Application-Plugin-PageBuilder-0.97-fixed$
> ./Build test
> t/01-load.t .......... ok
> t/02-init.t .......... ok
> t/03-pod.t ........... ok
> t/04-pod-coverage.t .. ok
> t/05-critic.t ........ ok
> All tests successful.
> Files=5, Tests=31, 2 wallclock secs ( 0.06 usr 0.01 sys + 1.51 cusr 0.10
> csys = 1.68 CPU)
> Result: PASS
>
> rt documented patch:
>
> diff -urN
> CGI-Application-Plugin-PageBuilder-0.97/lib/CGI/Application/Plugin/PageBuilder.pm
> CGI-Application-Plugin-PageBuilder-0.97-fixed/lib/CGI/Application/Plugin/PageBuilder.pm
>
> ---
> CGI-Application-Plugin-PageBuilder-0.97/lib/CGI/Application/Plugin/PageBuilder.pm
> 2006-09-15 13:21:26.000000000 -0400
> +++
> CGI-Application-Plugin-PageBuilder-0.97-fixed/lib/CGI/Application/Plugin/PageBuilder.pm
> 2012-03-13 23:57:29.308258233 -0400
> @@ -116,7 +116,7 @@
> my( $self, $param, $value ) = @_;
>
> return unless $value;
> -
> ${$self->{__PB_TEMPLATE_LIST}}[$#{@{$self->{__PB__TEMPLATE_LIST}}}]->param(
> $param, $value );
> + ${$self->{__PB_TEMPLATE_LIST}}[-1]->param( $param, $value );
> return $self->pb_build();
> }

